<?xml version="1.0" encoding="UTF-8"?>
<!-- Generated by org.testng.reporters.JUnitReportReporter -->
<testsuite skipped="0" hostname="DESKTOP-3GQ7ESA" name="com.demo.firstdemo1.Demo" tests="1" failures="0" timestamp="2022-02-28T22:25:29 IST" time="0.015" errors="0">
  <testcase name="Demo" time="0.015" classname="com.demo.firstdemo1.Demo"/>
  <system-out/>
</testsuite> <!-- com.demo.firstdemo1.Demo -->
